<?xml version="1.0" encoding="UTF-8"?>
<testng-results skipped="0" failed="0" total="1" passed="1">
  <reporter-output>
    <line>
      <![CDATA[<div "featureFile">Feature File: TrainingSignUp.feature</div>]]>
    </line>
    <line>
      <![CDATA[<div "feature">Feature: Testing the sign up option</div>]]>
    </line>
    <line>
      <![CDATA[<div "scenario">Scenario: Creating a new user</div>]]>
    </line>
    <line>
      <![CDATA[<div "result">Given  I am in the Sign Up page (passed : 5s)</div>]]>
    </line>
    <line>
      <![CDATA[<div "result">When  I submit the first name &quot;itay&quot; (passed : 1s)</div>]]>
    </line>
    <line>
      <![CDATA[<div "result">And  I submit the last name &quot;stainfeld&quot; (passed : 1s)</div>]]>
    </line>
    <line>
      <![CDATA[<div "result">And  I submit the email adress &quot;hello@walla.com&quot; (passed : 1s)</div>]]>
    </line>
    <line>
      <![CDATA[<div "result">And  I submit the phone 1 &quot;12321321123&quot; (passed : 1s)</div>]]>
    </line>
    <line>
      <![CDATA[<div "result">And  I submit the phone 2 &quot;324324234234&quot; (passed : 1s)</div>]]>
    </line>
    <line>
      <![CDATA[<div "result">And  I submit the job role &quot;Partner&#x2F;Integrator&quot; (passed : 0s)</div>]]>
    </line>
  </reporter-output>
  <suite name="RunSignUpTest" duration-ms="28197" started-at="2018-10-20T13:39:08Z" finished-at="2018-10-20T13:39:36Z">
    <groups>
      <group name="cucumber">
        <method signature="AbstractTestNGCucumberTests.run_cukes()[pri:0, instance:RunSignUpTest@7dcf94f8]" name="run_cukes" class="cucumber.api.testng.AbstractTestNGCucumberTests"/>
      </group> <!-- cucumber -->
    </groups>
    <test name="Command line test" duration-ms="28197" started-at="2018-10-20T13:39:08Z" finished-at="2018-10-20T13:39:36Z">
      <class name="RunSignUpTest">
        <test-method status="PASS" signature="InstallReport()[pri:0, instance:RunSignUpTest@7dcf94f8]" name="InstallReport" is-config="true" duration-ms="327" started-at="2018-10-20T16:39:08Z" finished-at="2018-10-20T16:39:08Z">
          <reporter-output>
          </reporter-output>
        </test-method> <!-- InstallReport -->
        <test-method status="PASS" signature="getTestName(java.lang.reflect.Method)[pri:0, instance:RunSignUpTest@7dcf94f8]" name="getTestName" is-config="true" duration-ms="5" started-at="2018-10-20T16:39:08Z" finished-at="2018-10-20T16:39:08Z">
          <params>
            <param index="0">
              <value>
                <![CDATA[public void cucumber.api.testng.AbstractTestNGCucumberTests.run_cukes()]]>
              </value>
            </param>
          </params>
          <reporter-output>
          </reporter-output>
        </test-method> <!-- getTestName -->
        <test-method status="PASS" signature="InstallTest()[pri:0, instance:RunSignUpTest@7dcf94f8]" name="InstallTest" is-config="true" duration-ms="13088" started-at="2018-10-20T16:39:08Z" finished-at="2018-10-20T16:39:21Z">
          <reporter-output>
          </reporter-output>
        </test-method> <!-- InstallTest -->
        <test-method status="PASS" signature="run_cukes()[pri:0, instance:RunSignUpTest@7dcf94f8]" name="run_cukes" duration-ms="13019" started-at="2018-10-20T16:39:21Z" description="Runs Cucumber Features" finished-at="2018-10-20T16:39:34Z">
          <reporter-output>
            <line>
              <![CDATA[<div "featureFile">Feature File: TrainingSignUp.feature</div>]]>
            </line>
            <line>
              <![CDATA[<div "feature">Feature: Testing the sign up option</div>]]>
            </line>
            <line>
              <![CDATA[<div "scenario">Scenario: Creating a new user</div>]]>
            </line>
            <line>
              <![CDATA[<div "result">Given  I am in the Sign Up page (passed : 5s)</div>]]>
            </line>
            <line>
              <![CDATA[<div "result">When  I submit the first name &quot;itay&quot; (passed : 1s)</div>]]>
            </line>
            <line>
              <![CDATA[<div "result">And  I submit the last name &quot;stainfeld&quot; (passed : 1s)</div>]]>
            </line>
            <line>
              <![CDATA[<div "result">And  I submit the email adress &quot;hello@walla.com&quot; (passed : 1s)</div>]]>
            </line>
            <line>
              <![CDATA[<div "result">And  I submit the phone 1 &quot;12321321123&quot; (passed : 1s)</div>]]>
            </line>
            <line>
              <![CDATA[<div "result">And  I submit the phone 2 &quot;324324234234&quot; (passed : 1s)</div>]]>
            </line>
            <line>
              <![CDATA[<div "result">And  I submit the job role &quot;Partner&#x2F;Integrator&quot; (passed : 0s)</div>]]>
            </line>
          </reporter-output>
        </test-method> <!-- run_cukes -->
        <test-method status="PASS" signature="AfterTest()[pri:0, instance:RunSignUpTest@7dcf94f8]" name="AfterTest" is-config="true" duration-ms="2069" started-at="2018-10-20T16:39:34Z" finished-at="2018-10-20T16:39:36Z">
          <reporter-output>
          </reporter-output>
        </test-method> <!-- AfterTest -->
        <test-method status="PASS" signature="getResult(org.testng.ITestResult)[pri:0, instance:RunSignUpTest@7dcf94f8]" name="getResult" is-config="true" duration-ms="2" started-at="2018-10-20T16:39:36Z" finished-at="2018-10-20T16:39:36Z">
          <params>
            <param index="0">
              <value>
                <![CDATA[[TestResult name=run_cukes status=SUCCESS method=AbstractTestNGCucumberTests.run_cukes()[pri:0, instance:RunSignUpTest@7dcf94f8] output=<div "featureFile">Feature File: TrainingSignUp.feature</div>]]]>
              </value>
            </param>
          </params>
          <reporter-output>
          </reporter-output>
        </test-method> <!-- getResult -->
        <test-method status="PASS" signature="tearDown()[pri:0, instance:RunSignUpTest@7dcf94f8]" name="tearDown" is-config="true" duration-ms="828" started-at="2018-10-20T16:39:36Z" finished-at="2018-10-20T16:39:37Z">
          <reporter-output>
          </reporter-output>
        </test-method> <!-- tearDown -->
      </class> <!-- RunSignUpTest -->
    </test> <!-- Command line test -->
  </suite> <!-- RunSignUpTest -->
</testng-results>
